<?xml version="1.0" encoding="UTF-8"?>
<testng-results skipped="0" failed="0" ignored="0" total="1" passed="1">
  <reporter-output>
  </reporter-output>
  <suite name="Command line suite" duration-ms="11102" started-at="2022-11-13T12:43:54 ICT" finished-at="2022-11-13T12:44:06 ICT">
    <groups>
    </groups>
    <test name="Command line test" duration-ms="11102" started-at="2022-11-13T12:43:54 ICT" finished-at="2022-11-13T12:44:06 ICT">
      <class name="ngan.xd.Tests.LoginTest">
        <test-method status="PASS" signature="createDriver(java.lang.String,org.testng.ITestResult)[pri:0, instance:ngan.xd.Tests.LoginTest@36c88a32]" name="createDriver" is-config="true" duration-ms="7052" started-at="2022-11-13T12:43:55 ICT" finished-at="2022-11-13T12:44:02 ICT">
          <params>
            <param index="0">
              <value>
                <![CDATA[chrome]]>
              </value>
            </param>
            <param index="1">
              <value>
                <![CDATA[[TestResult name={null} status=CREATED method=LoginTest.testLogin()[pri:0, instance:ngan.xd.Tests.LoginTest@36c88a32] output={null}]]]>
              </value>
            </param>
          </params>
          <reporter-output>
          </reporter-output>
        </test-method> <!-- createDriver -->
        <test-method status="PASS" signature="testLogin()[pri:0, instance:ngan.xd.Tests.LoginTest@36c88a32]" name="testLogin" duration-ms="140" started-at="2022-11-13T12:44:02 ICT" finished-at="2022-11-13T12:44:02 ICT">
          <reporter-output>
          </reporter-output>
        </test-method> <!-- testLogin -->
        <test-method status="PASS" signature="closeDriver(org.testng.ITestResult)[pri:0, instance:ngan.xd.Tests.LoginTest@36c88a32]" name="closeDriver" is-config="true" duration-ms="3664" started-at="2022-11-13T12:44:02 ICT" finished-at="2022-11-13T12:44:06 ICT">
          <params>
            <param index="0">
              <value>
                <![CDATA[[TestResult name=testLogin status=SUCCESS method=LoginTest.testLogin()[pri:0, instance:ngan.xd.Tests.LoginTest@36c88a32] output={null}]]]>
              </value>
            </param>
          </params>
          <reporter-output>
          </reporter-output>
        </test-method> <!-- closeDriver -->
      </class> <!-- ngan.xd.Tests.LoginTest -->
    </test> <!-- Command line test -->
  </suite> <!-- Command line suite -->
</testng-results>
